/home/yrpatil/RL_F22/cs525_project/rl_project/lib/python3.9/site-packages/gym/utils/passive_env_checker.py:31: UserWarning: [33mWARN: A Box observation space has an unconventional shape (neither an image, nor a 1D vector). We recommend flattening the observation to have only a 1D vector or use a custom policy to properly process the data. Actual observation shape: (5, 5)[0m
  logger.warn(
/home/yrpatil/RL_F22/cs525_project/src/agent_dqn.py:28: UserWarning: volatile was removed and now has no effect. Use `with torch.no_grad():` instead.
  Variable = lambda *args, **kwargs: autograd.Variable(*args, **kwargs)
Traceback (most recent call last):
  File "/home/yrpatil/RL_F22/cs525_project/src/main.py", line 40, in <module>
    main()
  File "/home/yrpatil/RL_F22/cs525_project/src/main.py", line 37, in main
    agent.train()
  File "/home/yrpatil/RL_F22/cs525_project/src/agent_dqn.py", line 155, in train
    action = self.make_action(state)    
  File "/home/yrpatil/RL_F22/cs525_project/src/agent_dqn.py", line 111, in make_action
    q_value = self.policy_net.forward(observation)
  File "/home/yrpatil/RL_F22/cs525_project/src/model/dqn_model.py", line 35, in forward
    op = self.features(x)
  File "/home/yrpatil/RL_F22/cs525_project/rl_project/lib/python3.9/site-packages/torch/nn/modules/module.py", line 1190, in _call_impl
    return forward_call(*input, **kwargs)
  File "/home/yrpatil/RL_F22/cs525_project/rl_project/lib/python3.9/site-packages/torch/nn/modules/container.py", line 204, in forward
    input = module(input)
  File "/home/yrpatil/RL_F22/cs525_project/rl_project/lib/python3.9/site-packages/torch/nn/modules/module.py", line 1190, in _call_impl
    return forward_call(*input, **kwargs)
  File "/home/yrpatil/RL_F22/cs525_project/rl_project/lib/python3.9/site-packages/torch/nn/modules/conv.py", line 463, in forward
    return self._conv_forward(input, self.weight, self.bias)
  File "/home/yrpatil/RL_F22/cs525_project/rl_project/lib/python3.9/site-packages/torch/nn/modules/conv.py", line 459, in _conv_forward
    return F.conv2d(input, weight, bias, self.stride,
RuntimeError: Input type (torch.cuda.FloatTensor) and weight type (torch.FloatTensor) should be the same
